<?xml version="1.0" encoding="UTF-8"?>
<!-- Generated by org.testng.reporters.JUnitReportReporter -->
<testsuite hostname="STIPL-SMBL0339" failures="0" tests="2" name="testNGpractice.TestNGBasics" time="0.007" errors="0" timestamp="2024-10-18T02:12:03 IST" skipped="0">
  <testcase classname="testNGpractice.TestNGBasics" name="searchValidation" time="0.006"/>
  <testcase classname="testNGpractice.TestNGBasics" name="testValidation" time="0.001"/>
</testsuite> <!-- testNGpractice.TestNGBasics -->
