<?xml version="1.0" encoding="UTF-8"?>
<!-- Generated by org.testng.reporters.JUnitReportReporter -->
<testsuite hostname="STIPL-SMBL0339" failures="0" tests="2" name="testNGpractice.timeOutForTestValidations" time="0.014" errors="0" timestamp="2024-10-18T22:34:40 IST" skipped="0">
  <testcase classname="testNGpractice.timeOutForTestValidations" name="test" time="0.009"/>
  <testcase classname="testNGpractice.timeOutForTestValidations" name="testMethod" time="0.005"/>
</testsuite> <!-- testNGpractice.timeOutForTestValidations -->
