<?xml version="1.0" encoding="UTF-8"?>
<!-- Generated by org.testng.reporters.JUnitReportReporter -->
<testsuite hostname="STIPL-SMBL0339" failures="0" tests="1" name="ecommTestSwagLabs.EcommTestValidations" time="6.905" errors="0" timestamp="2024-10-19T00:46:55 IST" skipped="0">
  <testcase classname="ecommTestSwagLabs.EcommTestValidations" name="test" time="6.905"/>
</testsuite> <!-- ecommTestSwagLabs.EcommTestValidations -->
