<?xml version="1.0" encoding="UTF-8"?>
<!-- Generated by org.testng.reporters.JUnitReportReporter -->
<testsuite hostname="STIPL-SMBL0339" failures="0" tests="1" name="BookStoreAPI.SumValidations" time="0.866" errors="0" timestamp="2024-09-04T22:07:08 IST" skipped="0">
  <testcase classname="BookStoreAPI.SumValidations" name="sumOfCourses" time="0.866"/>
</testsuite> <!-- BookStoreAPI.SumValidations -->
