<?xml version="1.0" encoding="UTF-8"?>
<!-- Generated by org.testng.reporters.JUnitReportReporter -->
<testsuite hostname="STIPL-SMBL0339" failures="0" tests="3" name="BookStoreAPI.BookAPIReadJSONFromPath" time="2.795" errors="0" timestamp="2024-09-05T22:07:39 IST" skipped="0">
  <testcase classname="BookStoreAPI.BookAPIReadJSONFromPath" name="addBook1" time="0.127"/>
  <testcase classname="BookStoreAPI.BookAPIReadJSONFromPath" name="addBook1" time="0.117"/>
  <testcase classname="BookStoreAPI.BookAPIReadJSONFromPath" name="addBook1" time="2.551"/>
</testsuite> <!-- BookStoreAPI.BookAPIReadJSONFromPath -->
