<?xml version="1.0" encoding="UTF-8"?>
<!-- Generated by org.testng.reporters.JUnitReportReporter -->
<testsuite hostname="STIPL-SMBL0339" failures="0" tests="4" name="BookStoreAPI.BookAPITest" time="1.860" errors="0" timestamp="2024-09-05T21:22:05 IST" skipped="0">
  <testcase classname="BookStoreAPI.BookAPITest" name="addBook" time="0.105"/>
  <testcase classname="BookStoreAPI.BookAPITest" name="deleteBook" time="0.120"/>
  <testcase classname="BookStoreAPI.BookAPITest" name="addBook" time="0.109"/>
  <testcase classname="BookStoreAPI.BookAPITest" name="addBook" time="1.526"/>
</testsuite> <!-- BookStoreAPI.BookAPITest -->
