<?xml version="1.0" encoding="UTF-8"?>
<!-- Generated by org.testng.reporters.JUnitReportReporter -->
<testsuite hostname="STIPL-SMBL0339" failures="0" tests="1" name="stepDefinitions.TestJSONRetrival" time="0.013" errors="0" timestamp="2024-10-26T01:30:45 IST" skipped="0">
  <testcase classname="stepDefinitions.TestJSONRetrival" name="getData" time="0.013"/>
</testsuite> <!-- stepDefinitions.TestJSONRetrival -->
