<?xml version="1.0" encoding="UTF-8"?>
<!-- Generated by org.testng.reporters.JUnitReportReporter -->
<testsuite hostname="STIPL-SMBL0339" failures="0" tests="1" name="testNGIntegration.Excel" time="0.540" errors="0" timestamp="2024-09-26T00:14:10 IST" skipped="0">
  <testcase classname="testNGIntegration.Excel" name="getData" time="0.540"/>
</testsuite> <!-- testNGIntegration.Excel -->
