<?xml version="1.0" encoding="UTF-8"?>
<!-- Generated by org.testng.reporters.JUnitReportReporter -->
<testsuite hostname="STIPL-SMBL0339" failures="0" tests="3" name="testNGIntegration.TestScriptData" time="0.009" errors="0" timestamp="2024-09-26T01:34:32 IST" skipped="0">
  <testcase classname="testNGIntegration.TestScriptData" name="testData" time="0.002"/>
  <testcase classname="testNGIntegration.TestScriptData" name="testData" time="0.007"/>
  <testcase classname="testNGIntegration.TestScriptData" name="testData" time="0.000"/>
</testsuite> <!-- testNGIntegration.TestScriptData -->
