<?xml version="1.0" encoding="UTF-8"?>
<!-- Generated by org.testng.reporters.JUnitReportReporter -->
<testsuite hostname="STIPL-SMBL0339" failures="0" tests="2" name="testRunner.TestNGTestRunner" time="4.564" errors="1" timestamp="2024-09-19T21:57:25 IST" skipped="0">
  <testcase classname="testRunner.TestNGTestRunner" name="runScenario" time="0.340">
    <error message="No enum constant resources.APIResources.POST" type="java.lang.IllegalArgumentException">
      <![CDATA[java.lang.IllegalArgumentException: No enum constant resources.APIResources.POST
at java.base/java.lang.Enum.valueOf(Enum.java:274)
at resources.APIResources.valueOf(APIResources.java:1)
at stepDefinitions.StepDefinitions.user_calls_with_http_request(StepDefinitions.java:33)
at stepDefinitions.StepDefinitions.user_verifies_place_id_created_maps_to_using(StepDefinitions.java:64)
at stepDefinitions.Hooks.beforeScenario(Hooks.java:17)
]]>
    </error>
  </testcase> <!-- runScenario -->
  <testcase classname="testRunner.TestNGTestRunner" name="runScenario" time="4.224"/>
</testsuite> <!-- testRunner.TestNGTestRunner -->
