<?xml version="1.0" encoding="UTF-8"?>
<!-- Generated by org.testng.reporters.JUnitReportReporter -->
<testsuite hostname="STIPL-SMBL0339" failures="0" tests="3" name="testval.TestValidation_Two" time="34.115" errors="0" timestamp="2024-10-26T01:14:48 IST" skipped="0">
  <testcase classname="testval.TestValidation_Two" name="loginHRMS" time="11.507"/>
  <testcase classname="testval.TestValidation_Two" name="loginHRMS" time="11.119"/>
  <testcase classname="testval.TestValidation_Two" name="loginHRMS" time="11.489"/>
</testsuite> <!-- testval.TestValidation_Two -->
