<?xml version="1.0" encoding="UTF-8"?>
<!-- Generated by org.testng.reporters.JUnitReportReporter -->
<testsuite hostname="STIPL-SMBL0339" failures="0" tests="1" name="utitlity.TestUtility" time="0.012" errors="0" timestamp="2024-10-26T01:14:08 IST" skipped="0">
  <testcase classname="utitlity.TestUtility" name="getTestData" time="0.012"/>
</testsuite> <!-- utitlity.TestUtility -->
